[ 2015-05-06T01:33:54+08:00 ] 192.168.1.140 /agentshop
INFO: [ app_init ] --START--
INFO: Run Behavior\BuildLiteBehavior [ RunTime:0.000067s ]
INFO: [ app_init ] --END-- [ RunTime:0.001087s ]
INFO: [ app_begin ] --START--
INFO: Run Behavior\ReadHtmlCacheBehavior [ RunTime:0.000835s ]
INFO: [ app_begin ] --END-- [ RunTime:0.000926s ]
SQL: SHOW COLUMNS FROM `shoptype` [ RunTime:0.0030s ]
SQL: SELECT * FROM `shoptype`  [ RunTime:0.0003s ]
SQL: SHOW COLUMNS FROM `region` [ RunTime:0.0028s ]
SQL: SELECT * FROM `region` WHERE `parent_zipcode` = 0 AND `area_level` = 1  [ RunTime:0.0025s ]
INFO: [ view_parse ] --START--
INFO: [ template_filter ] --START--
INFO: Run Behavior\ContentReplaceBehavior [ RunTime:0.000039s ]
INFO: [ template_filter ] --END-- [ RunTime:0.000076s ]
INFO: Run Behavior\ParseTemplateBehavior [ RunTime:0.008336s ]
INFO: [ view_parse ] --END-- [ RunTime:0.008432s ]
INFO: [ view_filter ] --START--
INFO: Run Behavior\WriteHtmlCacheBehavior [ RunTime:0.000411s ]
INFO: [ view_filter ] --END-- [ RunTime:0.000448s ]
INFO: [ app_end ] --START--
INFO: Run Behavior\ShowPageTraceBehavior [ RunTime:0.000694s ]
INFO: [ app_end ] --END-- [ RunTime:0.000743s ]

[ 2015-05-06T01:35:58+08:00 ] 192.168.1.140 /agentshop
INFO: [ app_init ] --START--
INFO: Run Behavior\BuildLiteBehavior [ RunTime:0.000028s ]
INFO: [ app_init ] --END-- [ RunTime:0.000592s ]
INFO: [ app_begin ] --START--
INFO: Run Behavior\ReadHtmlCacheBehavior [ RunTime:0.000713s ]
INFO: [ app_begin ] --END-- [ RunTime:0.000792s ]
SQL: SHOW COLUMNS FROM `shoptype` [ RunTime:0.0021s ]
SQL: SELECT * FROM `shoptype`  [ RunTime:0.0001s ]
SQL: SHOW COLUMNS FROM `region` [ RunTime:0.0012s ]
SQL: SELECT * FROM `region` WHERE `parent_zipcode` = 0 AND `area_level` = 1  [ RunTime:0.0015s ]
INFO: [ view_parse ] --START--
INFO: [ template_filter ] --START--
INFO: Run Behavior\ContentReplaceBehavior [ RunTime:0.000033s ]
INFO: [ template_filter ] --END-- [ RunTime:0.000073s ]
INFO: Run Behavior\ParseTemplateBehavior [ RunTime:0.007473s ]
INFO: [ view_parse ] --END-- [ RunTime:0.007595s ]
INFO: [ view_filter ] --START--
INFO: Run Behavior\WriteHtmlCacheBehavior [ RunTime:0.000142s ]
INFO: [ view_filter ] --END-- [ RunTime:0.000176s ]
INFO: [ app_end ] --START--
INFO: Run Behavior\ShowPageTraceBehavior [ RunTime:0.000402s ]
INFO: [ app_end ] --END-- [ RunTime:0.000452s ]

[ 2015-05-06T01:36:01+08:00 ] 192.168.1.140 /__ROOT__/agentshop/getregion/pzcode/130000/alevel/2
INFO: [ app_init ] --START--
INFO: Run Behavior\BuildLiteBehavior [ RunTime:0.000009s ]
INFO: [ app_init ] --END-- [ RunTime:0.000184s ]
INFO: [ app_begin ] --START--
INFO: Run Behavior\ReadHtmlCacheBehavior [ RunTime:0.000265s ]
INFO: [ app_begin ] --END-- [ RunTime:0.000290s ]
ERR: 无法加载控制器:__ROOT__

[ 2015-05-06T01:36:50+08:00 ] 192.168.1.140 /agentshop
INFO: [ app_init ] --START--
INFO: Run Behavior\BuildLiteBehavior [ RunTime:0.000009s ]
INFO: [ app_init ] --END-- [ RunTime:0.000191s ]
INFO: [ app_begin ] --START--
INFO: Run Behavior\ReadHtmlCacheBehavior [ RunTime:0.000251s ]
INFO: [ app_begin ] --END-- [ RunTime:0.000278s ]
SQL: SHOW COLUMNS FROM `shoptype` [ RunTime:0.0019s ]
SQL: SELECT * FROM `shoptype`  [ RunTime:0.0002s ]
SQL: SHOW COLUMNS FROM `region` [ RunTime:0.0021s ]
SQL: SELECT * FROM `region` WHERE `parent_zipcode` = 0 AND `area_level` = 1  [ RunTime:0.0016s ]
INFO: [ view_parse ] --START--
INFO: [ template_filter ] --START--
INFO: Run Behavior\ContentReplaceBehavior [ RunTime:0.000049s ]
INFO: [ template_filter ] --END-- [ RunTime:0.000117s ]
INFO: Run Behavior\ParseTemplateBehavior [ RunTime:0.007202s ]
INFO: [ view_parse ] --END-- [ RunTime:0.007284s ]
INFO: [ view_filter ] --START--
INFO: Run Behavior\WriteHtmlCacheBehavior [ RunTime:0.000176s ]
INFO: [ view_filter ] --END-- [ RunTime:0.000214s ]
INFO: [ app_end ] --START--
INFO: Run Behavior\ShowPageTraceBehavior [ RunTime:0.000699s ]
INFO: [ app_end ] --END-- [ RunTime:0.000830s ]

[ 2015-05-06T01:36:52+08:00 ] 192.168.1.140 /agentshop/getregion/pzcode/140000/alevel/2
INFO: [ app_init ] --START--
INFO: Run Behavior\BuildLiteBehavior [ RunTime:0.000009s ]
INFO: [ app_init ] --END-- [ RunTime:0.000191s ]
INFO: [ app_begin ] --START--
INFO: Run Behavior\ReadHtmlCacheBehavior [ RunTime:0.000435s ]
INFO: [ app_begin ] --END-- [ RunTime:0.000477s ]
SQL: SHOW COLUMNS FROM `region` [ RunTime:0.0056s ]
SQL: SELECT * FROM `region` WHERE `parent_zipcode` = 140000 AND `area_level` = 2  [ RunTime:0.0065s ]

[ 2015-05-06T01:36:53+08:00 ] 192.168.1.140 /agentshop/getregion/pzcode/140100/alevel/3
INFO: [ app_init ] --START--
INFO: Run Behavior\BuildLiteBehavior [ RunTime:0.000017s ]
INFO: [ app_init ] --END-- [ RunTime:0.000423s ]
INFO: [ app_begin ] --START--
INFO: Run Behavior\ReadHtmlCacheBehavior [ RunTime:0.001038s ]
INFO: [ app_begin ] --END-- [ RunTime:0.001228s ]
SQL: SHOW COLUMNS FROM `region` [ RunTime:0.0026s ]
SQL: SELECT * FROM `region` WHERE `parent_zipcode` = 140100 AND `area_level` = 3  [ RunTime:0.0041s ]

[ 2015-05-06T01:36:55+08:00 ] 192.168.1.140 /agentshop/getregion/pzcode/630000/alevel/2
INFO: [ app_init ] --START--
INFO: Run Behavior\BuildLiteBehavior [ RunTime:0.000017s ]
INFO: [ app_init ] --END-- [ RunTime:0.000467s ]
INFO: [ app_begin ] --START--
INFO: Run Behavior\ReadHtmlCacheBehavior [ RunTime:0.000323s ]
INFO: [ app_begin ] --END-- [ RunTime:0.000370s ]
SQL: SHOW COLUMNS FROM `region` [ RunTime:0.0011s ]
SQL: SELECT * FROM `region` WHERE `parent_zipcode` = 630000 AND `area_level` = 2  [ RunTime:0.0014s ]

[ 2015-05-06T01:36:55+08:00 ] 192.168.1.140 /agentshop/getregion/pzcode/630100/alevel/3
INFO: [ app_init ] --START--
INFO: Run Behavior\BuildLiteBehavior [ RunTime:0.000014s ]
INFO: [ app_init ] --END-- [ RunTime:0.000248s ]
INFO: [ app_begin ] --START--
INFO: Run Behavior\ReadHtmlCacheBehavior [ RunTime:0.000421s ]
INFO: [ app_begin ] --END-- [ RunTime:0.000457s ]
SQL: SHOW COLUMNS FROM `region` [ RunTime:0.0040s ]
SQL: SELECT * FROM `region` WHERE `parent_zipcode` = 630100 AND `area_level` = 3  [ RunTime:0.0017s ]

[ 2015-05-06T01:36:57+08:00 ] 192.168.1.140 /agentshop/getregion/pzcode/640000/alevel/2
INFO: [ app_init ] --START--
INFO: Run Behavior\BuildLiteBehavior [ RunTime:0.000019s ]
INFO: [ app_init ] --END-- [ RunTime:0.000294s ]
INFO: [ app_begin ] --START--
INFO: Run Behavior\ReadHtmlCacheBehavior [ RunTime:0.000764s ]
INFO: [ app_begin ] --END-- [ RunTime:0.000981s ]
SQL: SHOW COLUMNS FROM `region` [ RunTime:0.0019s ]
SQL: SELECT * FROM `region` WHERE `parent_zipcode` = 640000 AND `area_level` = 2  [ RunTime:0.0015s ]

[ 2015-05-06T01:36:57+08:00 ] 192.168.1.140 /agentshop/getregion/pzcode/640100/alevel/3
INFO: [ app_init ] --START--
INFO: Run Behavior\BuildLiteBehavior [ RunTime:0.000046s ]
INFO: [ app_init ] --END-- [ RunTime:0.000678s ]
INFO: [ app_begin ] --START--
INFO: Run Behavior\ReadHtmlCacheBehavior [ RunTime:0.000286s ]
INFO: [ app_begin ] --END-- [ RunTime:0.000323s ]
SQL: SHOW COLUMNS FROM `region` [ RunTime:0.0021s ]
SQL: SELECT * FROM `region` WHERE `parent_zipcode` = 640100 AND `area_level` = 3  [ RunTime:0.0016s ]

[ 2015-05-06T01:37:00+08:00 ] 192.168.1.140 /agentshop/getregion/pzcode/120000/alevel/2
INFO: [ app_init ] --START--
INFO: Run Behavior\BuildLiteBehavior [ RunTime:0.000013s ]
INFO: [ app_init ] --END-- [ RunTime:0.000270s ]
INFO: [ app_begin ] --START--
INFO: Run Behavior\ReadHtmlCacheBehavior [ RunTime:0.000320s ]
INFO: [ app_begin ] --END-- [ RunTime:0.000381s ]
SQL: SHOW COLUMNS FROM `region` [ RunTime:0.0012s ]
SQL: SELECT * FROM `region` WHERE `parent_zipcode` = 120000 AND `area_level` = 2  [ RunTime:0.0014s ]

[ 2015-05-06T01:37:01+08:00 ] 192.168.1.140 /agentshop/getregion/pzcode/120000/alevel/3
INFO: [ app_init ] --START--
INFO: Run Behavior\BuildLiteBehavior [ RunTime:0.000010s ]
INFO: [ app_init ] --END-- [ RunTime:0.000329s ]
INFO: [ app_begin ] --START--
INFO: Run Behavior\ReadHtmlCacheBehavior [ RunTime:0.000277s ]
INFO: [ app_begin ] --END-- [ RunTime:0.000307s ]
SQL: SHOW COLUMNS FROM `region` [ RunTime:0.0018s ]
SQL: SELECT * FROM `region` WHERE `parent_zipcode` = 120000 AND `area_level` = 3  [ RunTime:0.0039s ]

[ 2015-05-06T01:37:04+08:00 ] 192.168.1.140 /agentshop/getregion/pzcode/130000/alevel/2
INFO: [ app_init ] --START--
INFO: Run Behavior\BuildLiteBehavior [ RunTime:0.000011s ]
INFO: [ app_init ] --END-- [ RunTime:0.000251s ]
INFO: [ app_begin ] --START--
INFO: Run Behavior\ReadHtmlCacheBehavior [ RunTime:0.000465s ]
INFO: [ app_begin ] --END-- [ RunTime:0.000532s ]
SQL: SHOW COLUMNS FROM `region` [ RunTime:0.0020s ]
SQL: SELECT * FROM `region` WHERE `parent_zipcode` = 130000 AND `area_level` = 2  [ RunTime:0.0016s ]

[ 2015-05-06T01:37:04+08:00 ] 192.168.1.140 /agentshop/getregion/pzcode/130100/alevel/3
INFO: [ app_init ] --START--
INFO: Run Behavior\BuildLiteBehavior [ RunTime:0.000708s ]
INFO: [ app_init ] --END-- [ RunTime:0.002500s ]
INFO: [ app_begin ] --START--
INFO: Run Behavior\ReadHtmlCacheBehavior [ RunTime:0.006715s ]
INFO: [ app_begin ] --END-- [ RunTime:0.006953s ]
SQL: SHOW COLUMNS FROM `region` [ RunTime:0.0018s ]
SQL: SELECT * FROM `region` WHERE `parent_zipcode` = 130100 AND `area_level` = 3  [ RunTime:0.0027s ]

[ 2015-05-06T01:37:06+08:00 ] 192.168.1.140 /agentshop/getregion/pzcode/120000/alevel/2
INFO: [ app_init ] --START--
INFO: Run Behavior\BuildLiteBehavior [ RunTime:0.000011s ]
INFO: [ app_init ] --END-- [ RunTime:0.000302s ]
INFO: [ app_begin ] --START--
INFO: Run Behavior\ReadHtmlCacheBehavior [ RunTime:0.000272s ]
INFO: [ app_begin ] --END-- [ RunTime:0.000304s ]
SQL: SHOW COLUMNS FROM `region` [ RunTime:0.0018s ]
SQL: SELECT * FROM `region` WHERE `parent_zipcode` = 120000 AND `area_level` = 2  [ RunTime:0.0014s ]

[ 2015-05-06T01:37:07+08:00 ] 192.168.1.140 /agentshop/getregion/pzcode/120000/alevel/3
INFO: [ app_init ] --START--
INFO: Run Behavior\BuildLiteBehavior [ RunTime:0.000014s ]
INFO: [ app_init ] --END-- [ RunTime:0.000308s ]
INFO: [ app_begin ] --START--
INFO: Run Behavior\ReadHtmlCacheBehavior [ RunTime:0.000393s ]
INFO: [ app_begin ] --END-- [ RunTime:0.000441s ]
SQL: SHOW COLUMNS FROM `region` [ RunTime:0.0030s ]
SQL: SELECT * FROM `region` WHERE `parent_zipcode` = 120000 AND `area_level` = 3  [ RunTime:0.0024s ]

[ 2015-05-06T01:37:09+08:00 ] 192.168.1.140 /agentshop/getregion/pzcode/110000/alevel/2
INFO: [ app_init ] --START--
INFO: Run Behavior\BuildLiteBehavior [ RunTime:0.000011s ]
INFO: [ app_init ] --END-- [ RunTime:0.000232s ]
INFO: [ app_begin ] --START--
INFO: Run Behavior\ReadHtmlCacheBehavior [ RunTime:0.000260s ]
INFO: [ app_begin ] --END-- [ RunTime:0.000288s ]
SQL: SHOW COLUMNS FROM `region` [ RunTime:0.0012s ]
SQL: SELECT * FROM `region` WHERE `parent_zipcode` = 110000 AND `area_level` = 2  [ RunTime:0.0016s ]

[ 2015-05-06T01:37:09+08:00 ] 192.168.1.140 /agentshop/getregion/pzcode/110000/alevel/3
INFO: [ app_init ] --START--
INFO: Run Behavior\BuildLiteBehavior [ RunTime:0.000010s ]
INFO: [ app_init ] --END-- [ RunTime:0.000213s ]
INFO: [ app_begin ] --START--
INFO: Run Behavior\ReadHtmlCacheBehavior [ RunTime:0.000568s ]
INFO: [ app_begin ] --END-- [ RunTime:0.000671s ]
SQL: SHOW COLUMNS FROM `region` [ RunTime:0.0019s ]
SQL: SELECT * FROM `region` WHERE `parent_zipcode` = 110000 AND `area_level` = 3  [ RunTime:0.0031s ]

[ 2015-05-06T01:37:11+08:00 ] 192.168.1.140 /agentshop/getregion/pzcode/310000/alevel/2
INFO: [ app_init ] --START--
INFO: Run Behavior\BuildLiteBehavior [ RunTime:0.000010s ]
INFO: [ app_init ] --END-- [ RunTime:0.000181s ]
INFO: [ app_begin ] --START--
INFO: Run Behavior\ReadHtmlCacheBehavior [ RunTime:0.000861s ]
INFO: [ app_begin ] --END-- [ RunTime:0.001007s ]
SQL: SHOW COLUMNS FROM `region` [ RunTime:0.0028s ]
SQL: SELECT * FROM `region` WHERE `parent_zipcode` = 310000 AND `area_level` = 2  [ RunTime:0.0017s ]

[ 2015-05-06T01:37:11+08:00 ] 192.168.1.140 /agentshop/getregion/pzcode/310000/alevel/3
INFO: [ app_init ] --START--
INFO: Run Behavior\BuildLiteBehavior [ RunTime:0.000011s ]
INFO: [ app_init ] --END-- [ RunTime:0.000238s ]
INFO: [ app_begin ] --START--
INFO: Run Behavior\ReadHtmlCacheBehavior [ RunTime:0.000272s ]
INFO: [ app_begin ] --END-- [ RunTime:0.000303s ]
SQL: SHOW COLUMNS FROM `region` [ RunTime:0.0016s ]
SQL: SELECT * FROM `region` WHERE `parent_zipcode` = 310000 AND `area_level` = 3  [ RunTime:0.0035s ]

[ 2015-05-06T01:37:13+08:00 ] 192.168.1.140 /agentshop/getregion/pzcode/510000/alevel/2
INFO: [ app_init ] --START--
INFO: Run Behavior\BuildLiteBehavior [ RunTime:0.000010s ]
INFO: [ app_init ] --END-- [ RunTime:0.000206s ]
INFO: [ app_begin ] --START--
INFO: Run Behavior\ReadHtmlCacheBehavior [ RunTime:0.000270s ]
INFO: [ app_begin ] --END-- [ RunTime:0.000301s ]
SQL: SHOW COLUMNS FROM `region` [ RunTime:0.0015s ]
SQL: SELECT * FROM `region` WHERE `parent_zipcode` = 510000 AND `area_level` = 2  [ RunTime:0.0015s ]

[ 2015-05-06T01:37:13+08:00 ] 192.168.1.140 /agentshop/getregion/pzcode/510100/alevel/3
INFO: [ app_init ] --START--
INFO: Run Behavior\BuildLiteBehavior [ RunTime:0.000015s ]
INFO: [ app_init ] --END-- [ RunTime:0.000310s ]
INFO: [ app_begin ] --START--
INFO: Run Behavior\ReadHtmlCacheBehavior [ RunTime:0.000326s ]
INFO: [ app_begin ] --END-- [ RunTime:0.000359s ]
SQL: SHOW COLUMNS FROM `region` [ RunTime:0.0024s ]
SQL: SELECT * FROM `region` WHERE `parent_zipcode` = 510100 AND `area_level` = 3  [ RunTime:0.0017s ]

[ 2015-05-06T01:37:14+08:00 ] 192.168.1.140 /agentshop/getregion/pzcode/510400/alevel/3
INFO: [ app_init ] --START--
INFO: Run Behavior\BuildLiteBehavior [ RunTime:0.000049s ]
INFO: [ app_init ] --END-- [ RunTime:0.000669s ]
INFO: [ app_begin ] --START--
INFO: Run Behavior\ReadHtmlCacheBehavior [ RunTime:0.000697s ]
INFO: [ app_begin ] --END-- [ RunTime:0.000751s ]
SQL: SHOW COLUMNS FROM `region` [ RunTime:0.0012s ]
SQL: SELECT * FROM `region` WHERE `parent_zipcode` = 510400 AND `area_level` = 3  [ RunTime:0.0015s ]

[ 2015-05-06T01:37:15+08:00 ] 192.168.1.140 /agentshop/getregion/pzcode/510100/alevel/3
INFO: [ app_init ] --START--
INFO: Run Behavior\BuildLiteBehavior [ RunTime:0.000012s ]
INFO: [ app_init ] --END-- [ RunTime:0.000220s ]
INFO: [ app_begin ] --START--
INFO: Run Behavior\ReadHtmlCacheBehavior [ RunTime:0.000376s ]
INFO: [ app_begin ] --END-- [ RunTime:0.000428s ]
SQL: SHOW COLUMNS FROM `region` [ RunTime:0.0012s ]
SQL: SELECT * FROM `region` WHERE `parent_zipcode` = 510100 AND `area_level` = 3  [ RunTime:0.0016s ]

[ 2015-05-06T01:37:44+08:00 ] 192.168.1.140 /agentshop/getregion/pzcode/510800/alevel/3
INFO: [ app_init ] --START--
INFO: Run Behavior\BuildLiteBehavior [ RunTime:0.000010s ]
INFO: [ app_init ] --END-- [ RunTime:0.000184s ]
INFO: [ app_begin ] --START--
INFO: Run Behavior\ReadHtmlCacheBehavior [ RunTime:0.000224s ]
INFO: [ app_begin ] --END-- [ RunTime:0.000248s ]
SQL: SHOW COLUMNS FROM `region` [ RunTime:0.0013s ]
SQL: SELECT * FROM `region` WHERE `parent_zipcode` = 510800 AND `area_level` = 3  [ RunTime:0.0015s ]

[ 2015-05-06T01:37:47+08:00 ] 192.168.1.140 /agentshop/getregion/pzcode/510600/alevel/3
INFO: [ app_init ] --START--
INFO: Run Behavior\BuildLiteBehavior [ RunTime:0.000010s ]
INFO: [ app_init ] --END-- [ RunTime:0.000203s ]
INFO: [ app_begin ] --START--
INFO: Run Behavior\ReadHtmlCacheBehavior [ RunTime:0.000250s ]
INFO: [ app_begin ] --END-- [ RunTime:0.000277s ]
SQL: SHOW COLUMNS FROM `region` [ RunTime:0.0018s ]
SQL: SELECT * FROM `region` WHERE `parent_zipcode` = 510600 AND `area_level` = 3  [ RunTime:0.0017s ]

[ 2015-05-06T01:37:50+08:00 ] 192.168.1.140 /agentshop/getregion/pzcode/510500/alevel/3
INFO: [ app_init ] --START--
INFO: Run Behavior\BuildLiteBehavior [ RunTime:0.000011s ]
INFO: [ app_init ] --END-- [ RunTime:0.000204s ]
INFO: [ app_begin ] --START--
INFO: Run Behavior\ReadHtmlCacheBehavior [ RunTime:0.000277s ]
INFO: [ app_begin ] --END-- [ RunTime:0.000308s ]
SQL: SHOW COLUMNS FROM `region` [ RunTime:0.0017s ]
SQL: SELECT * FROM `region` WHERE `parent_zipcode` = 510500 AND `area_level` = 3  [ RunTime:0.0015s ]

[ 2015-05-06T01:37:54+08:00 ] 192.168.1.140 /agentshop/getregion/pzcode/500000/alevel/2
INFO: [ app_init ] --START--
INFO: Run Behavior\BuildLiteBehavior [ RunTime:0.000016s ]
INFO: [ app_init ] --END-- [ RunTime:0.000678s ]
INFO: [ app_begin ] --START--
INFO: Run Behavior\ReadHtmlCacheBehavior [ RunTime:0.000324s ]
INFO: [ app_begin ] --END-- [ RunTime:0.000362s ]
SQL: SHOW COLUMNS FROM `region` [ RunTime:0.0018s ]
SQL: SELECT * FROM `region` WHERE `parent_zipcode` = 500000 AND `area_level` = 2  [ RunTime:0.0058s ]

[ 2015-05-06T01:37:54+08:00 ] 192.168.1.140 /agentshop/getregion/pzcode/500000/alevel/3
INFO: [ app_init ] --START--
INFO: Run Behavior\BuildLiteBehavior [ RunTime:0.000012s ]
INFO: [ app_init ] --END-- [ RunTime:0.000301s ]
INFO: [ app_begin ] --START--
INFO: Run Behavior\ReadHtmlCacheBehavior [ RunTime:0.001019s ]
INFO: [ app_begin ] --END-- [ RunTime:0.001080s ]
SQL: SHOW COLUMNS FROM `region` [ RunTime:0.0048s ]
SQL: SELECT * FROM `region` WHERE `parent_zipcode` = 500000 AND `area_level` = 3  [ RunTime:0.0044s ]

[ 2015-05-06T01:37:58+08:00 ] 192.168.1.140 /agentshop/getregion/pzcode/520000/alevel/2
INFO: [ app_init ] --START--
INFO: Run Behavior\BuildLiteBehavior [ RunTime:0.000010s ]
INFO: [ app_init ] --END-- [ RunTime:0.000216s ]
INFO: [ app_begin ] --START--
INFO: Run Behavior\ReadHtmlCacheBehavior [ RunTime:0.000261s ]
INFO: [ app_begin ] --END-- [ RunTime:0.000290s ]
SQL: SHOW COLUMNS FROM `region` [ RunTime:0.0011s ]
SQL: SELECT * FROM `region` WHERE `parent_zipcode` = 520000 AND `area_level` = 2  [ RunTime:0.0014s ]

[ 2015-05-06T01:37:58+08:00 ] 192.168.1.140 /agentshop/getregion/pzcode/520100/alevel/3
INFO: [ app_init ] --START--
INFO: Run Behavior\BuildLiteBehavior [ RunTime:0.000039s ]
INFO: [ app_init ] --END-- [ RunTime:0.000733s ]
INFO: [ app_begin ] --START--
INFO: Run Behavior\ReadHtmlCacheBehavior [ RunTime:0.000287s ]
INFO: [ app_begin ] --END-- [ RunTime:0.000324s ]
SQL: SHOW COLUMNS FROM `region` [ RunTime:0.0016s ]
SQL: SELECT * FROM `region` WHERE `parent_zipcode` = 520100 AND `area_level` = 3  [ RunTime:0.0022s ]

[ 2015-05-06T01:38:00+08:00 ] 192.168.1.140 /agentshop/getregion/pzcode/810000/alevel/2
INFO: [ app_init ] --START--
INFO: Run Behavior\BuildLiteBehavior [ RunTime:0.000019s ]
INFO: [ app_init ] --END-- [ RunTime:0.000291s ]
INFO: [ app_begin ] --START--
INFO: Run Behavior\ReadHtmlCacheBehavior [ RunTime:0.000434s ]
INFO: [ app_begin ] --END-- [ RunTime:0.000472s ]
SQL: SHOW COLUMNS FROM `region` [ RunTime:0.0027s ]
SQL: SELECT * FROM `region` WHERE `parent_zipcode` = 810000 AND `area_level` = 2  [ RunTime:0.0024s ]

[ 2015-05-06T01:38:00+08:00 ] 192.168.1.140 /agentshop/getregion/pzcode/810100/alevel/3
INFO: [ app_init ] --START--
INFO: Run Behavior\BuildLiteBehavior [ RunTime:0.000015s ]
INFO: [ app_init ] --END-- [ RunTime:0.000316s ]
INFO: [ app_begin ] --START--
INFO: Run Behavior\ReadHtmlCacheBehavior [ RunTime:0.001072s ]
INFO: [ app_begin ] --END-- [ RunTime:0.001207s ]
SQL: SHOW COLUMNS FROM `region` [ RunTime:0.0016s ]
SQL: SELECT * FROM `region` WHERE `parent_zipcode` = 810100 AND `area_level` = 3  [ RunTime:0.0026s ]

[ 2015-05-06T01:38:02+08:00 ] 192.168.1.140 /agentshop/getregion/pzcode/820000/alevel/2
INFO: [ app_init ] --START--
INFO: Run Behavior\BuildLiteBehavior [ RunTime:0.000035s ]
INFO: [ app_init ] --END-- [ RunTime:0.000430s ]
INFO: [ app_begin ] --START--
INFO: Run Behavior\ReadHtmlCacheBehavior [ RunTime:0.000314s ]
INFO: [ app_begin ] --END-- [ RunTime:0.000354s ]
SQL: SHOW COLUMNS FROM `region` [ RunTime:0.0014s ]
SQL: SELECT * FROM `region` WHERE `parent_zipcode` = 820000 AND `area_level` = 2  [ RunTime:0.0021s ]

[ 2015-05-06T01:38:02+08:00 ] 192.168.1.140 /agentshop/getregion/pzcode/820100/alevel/3
INFO: [ app_init ] --START--
INFO: Run Behavior\BuildLiteBehavior [ RunTime:0.000010s ]
INFO: [ app_init ] --END-- [ RunTime:0.000185s ]
INFO: [ app_begin ] --START--
INFO: Run Behavior\ReadHtmlCacheBehavior [ RunTime:0.001103s ]
INFO: [ app_begin ] --END-- [ RunTime:0.001188s ]
SQL: SHOW COLUMNS FROM `region` [ RunTime:0.0028s ]
SQL: SELECT * FROM `region` WHERE `parent_zipcode` = 820100 AND `area_level` = 3  [ RunTime:0.0027s ]

[ 2015-05-06T01:38:03+08:00 ] 192.168.1.140 /agentshop/getregion/pzcode/710000/alevel/2
INFO: [ app_init ] --START--
INFO: Run Behavior\BuildLiteBehavior [ RunTime:0.000011s ]
INFO: [ app_init ] --END-- [ RunTime:0.000240s ]
INFO: [ app_begin ] --START--
INFO: Run Behavior\ReadHtmlCacheBehavior [ RunTime:0.000243s ]
INFO: [ app_begin ] --END-- [ RunTime:0.000278s ]
SQL: SHOW COLUMNS FROM `region` [ RunTime:0.0029s ]
SQL: SELECT * FROM `region` WHERE `parent_zipcode` = 710000 AND `area_level` = 2  [ RunTime:0.0017s ]

[ 2015-05-06T01:38:03+08:00 ] 192.168.1.140 /agentshop/getregion/pzcode/710100/alevel/3
INFO: [ app_init ] --START--
INFO: Run Behavior\BuildLiteBehavior [ RunTime:0.000009s ]
INFO: [ app_init ] --END-- [ RunTime:0.000182s ]
INFO: [ app_begin ] --START--
INFO: Run Behavior\ReadHtmlCacheBehavior [ RunTime:0.000226s ]
INFO: [ app_begin ] --END-- [ RunTime:0.000250s ]
SQL: SHOW COLUMNS FROM `region` [ RunTime:0.0017s ]
SQL: SELECT * FROM `region` WHERE `parent_zipcode` = 710100 AND `area_level` = 3  [ RunTime:0.0020s ]

[ 2015-05-06T01:38:05+08:00 ] 192.168.1.140 /agentshop/getregion/pzcode/650000/alevel/2
INFO: [ app_init ] --START--
INFO: Run Behavior\BuildLiteBehavior [ RunTime:0.000010s ]
INFO: [ app_init ] --END-- [ RunTime:0.000203s ]
INFO: [ app_begin ] --START--
INFO: Run Behavior\ReadHtmlCacheBehavior [ RunTime:0.000328s ]
INFO: [ app_begin ] --END-- [ RunTime:0.000364s ]
SQL: SHOW COLUMNS FROM `region` [ RunTime:0.0020s ]
SQL: SELECT * FROM `region` WHERE `parent_zipcode` = 650000 AND `area_level` = 2  [ RunTime:0.0022s ]

[ 2015-05-06T01:38:05+08:00 ] 192.168.1.140 /agentshop/getregion/pzcode/650100/alevel/3
INFO: [ app_init ] --START--
INFO: Run Behavior\BuildLiteBehavior [ RunTime:0.000017s ]
INFO: [ app_init ] --END-- [ RunTime:0.000322s ]
INFO: [ app_begin ] --START--
INFO: Run Behavior\ReadHtmlCacheBehavior [ RunTime:0.000476s ]
INFO: [ app_begin ] --END-- [ RunTime:0.000525s ]
SQL: SHOW COLUMNS FROM `region` [ RunTime:0.0033s ]
SQL: SELECT * FROM `region` WHERE `parent_zipcode` = 650100 AND `area_level` = 3  [ RunTime:0.0034s ]

[ 2015-05-06T01:38:08+08:00 ] 192.168.1.140 /agentshop/getregion/pzcode/620000/alevel/2
INFO: [ app_init ] --START--
INFO: Run Behavior\BuildLiteBehavior [ RunTime:0.000012s ]
INFO: [ app_init ] --END-- [ RunTime:0.000243s ]
INFO: [ app_begin ] --START--
INFO: Run Behavior\ReadHtmlCacheBehavior [ RunTime:0.000348s ]
INFO: [ app_begin ] --END-- [ RunTime:0.000390s ]
SQL: SHOW COLUMNS FROM `region` [ RunTime:0.0031s ]
SQL: SELECT * FROM `region` WHERE `parent_zipcode` = 620000 AND `area_level` = 2  [ RunTime:0.0015s ]

[ 2015-05-06T01:38:08+08:00 ] 192.168.1.140 /agentshop/getregion/pzcode/620100/alevel/3
INFO: [ app_init ] --START--
INFO: Run Behavior\BuildLiteBehavior [ RunTime:0.000009s ]
INFO: [ app_init ] --END-- [ RunTime:0.000217s ]
INFO: [ app_begin ] --START--
INFO: Run Behavior\ReadHtmlCacheBehavior [ RunTime:0.000248s ]
INFO: [ app_begin ] --END-- [ RunTime:0.000275s ]
SQL: SHOW COLUMNS FROM `region` [ RunTime:0.0023s ]
SQL: SELECT * FROM `region` WHERE `parent_zipcode` = 620100 AND `area_level` = 3  [ RunTime:0.0036s ]

[ 2015-05-06T01:49:06+08:00 ] 192.168.1.140 /agentshop
INFO: [ app_init ] --START--
INFO: Run Behavior\BuildLiteBehavior [ RunTime:0.000015s ]
INFO: [ app_init ] --END-- [ RunTime:0.000583s ]
INFO: [ app_begin ] --START--
INFO: Run Behavior\ReadHtmlCacheBehavior [ RunTime:0.000595s ]
INFO: [ app_begin ] --END-- [ RunTime:0.000639s ]
SQL: SHOW COLUMNS FROM `shoptype` [ RunTime:0.0008s ]
SQL: SELECT * FROM `shoptype`  [ RunTime:0.0001s ]
SQL: SHOW COLUMNS FROM `region` [ RunTime:0.0009s ]
SQL: SELECT * FROM `region` WHERE `parent_zipcode` = 0 AND `area_level` = 1  [ RunTime:0.0016s ]
INFO: [ view_parse ] --START--
INFO: [ template_filter ] --START--
INFO: Run Behavior\ContentReplaceBehavior [ RunTime:0.000026s ]
INFO: [ template_filter ] --END-- [ RunTime:0.000060s ]
INFO: Run Behavior\ParseTemplateBehavior [ RunTime:0.006072s ]
INFO: [ view_parse ] --END-- [ RunTime:0.006164s ]
INFO: [ view_filter ] --START--
INFO: Run Behavior\WriteHtmlCacheBehavior [ RunTime:0.000376s ]
INFO: [ view_filter ] --END-- [ RunTime:0.000418s ]
INFO: [ app_end ] --START--
INFO: Run Behavior\ShowPageTraceBehavior [ RunTime:0.000611s ]
INFO: [ app_end ] --END-- [ RunTime:0.000664s ]

[ 2015-05-06T01:50:39+08:00 ] 192.168.1.140 /agentshop
INFO: [ app_init ] --START--
INFO: Run Behavior\BuildLiteBehavior [ RunTime:0.000008s ]
INFO: [ app_init ] --END-- [ RunTime:0.000170s ]
INFO: [ app_begin ] --START--
INFO: Run Behavior\ReadHtmlCacheBehavior [ RunTime:0.000220s ]
INFO: [ app_begin ] --END-- [ RunTime:0.000246s ]
SQL: SHOW COLUMNS FROM `shoptype` [ RunTime:0.0013s ]
SQL: SELECT * FROM `shoptype`  [ RunTime:0.0002s ]
SQL: SHOW COLUMNS FROM `region` [ RunTime:0.0014s ]
SQL: SELECT * FROM `region` WHERE `parent_zipcode` = 0 AND `area_level` = 1  [ RunTime:0.0019s ]
INFO: [ view_parse ] --START--
INFO: [ template_filter ] --START--
INFO: Run Behavior\ContentReplaceBehavior [ RunTime:0.000032s ]
INFO: [ template_filter ] --END-- [ RunTime:0.000079s ]
INFO: Run Behavior\ParseTemplateBehavior [ RunTime:0.005720s ]
INFO: [ view_parse ] --END-- [ RunTime:0.005782s ]
INFO: [ view_filter ] --START--
INFO: Run Behavior\WriteHtmlCacheBehavior [ RunTime:0.000115s ]
INFO: [ view_filter ] --END-- [ RunTime:0.000140s ]
INFO: [ app_end ] --START--
INFO: Run Behavior\ShowPageTraceBehavior [ RunTime:0.000278s ]
INFO: [ app_end ] --END-- [ RunTime:0.000302s ]

[ 2015-05-06T01:50:42+08:00 ] 192.168.1.140 /agentshop/getregion/pzcode/120000/alevel/2
INFO: [ app_init ] --START--
INFO: Run Behavior\BuildLiteBehavior [ RunTime:0.000009s ]
INFO: [ app_init ] --END-- [ RunTime:0.000183s ]
INFO: [ app_begin ] --START--
INFO: Run Behavior\ReadHtmlCacheBehavior [ RunTime:0.000235s ]
INFO: [ app_begin ] --END-- [ RunTime:0.000259s ]
SQL: SHOW COLUMNS FROM `region` [ RunTime:0.0020s ]
SQL: SELECT * FROM `region` WHERE `parent_zipcode` = 120000 AND `area_level` = 2  [ RunTime:0.0015s ]

[ 2015-05-06T01:50:44+08:00 ] 192.168.1.140 /agentshop/getregion/pzcode/120000/alevel/3
INFO: [ app_init ] --START--
INFO: Run Behavior\BuildLiteBehavior [ RunTime:0.000009s ]
INFO: [ app_init ] --END-- [ RunTime:0.000180s ]
INFO: [ app_begin ] --START--
INFO: Run Behavior\ReadHtmlCacheBehavior [ RunTime:0.000285s ]
INFO: [ app_begin ] --END-- [ RunTime:0.000313s ]
SQL: SHOW COLUMNS FROM `region` [ RunTime:0.0024s ]
SQL: SELECT * FROM `region` WHERE `parent_zipcode` = 120000 AND `area_level` = 3  [ RunTime:0.0019s ]

[ 2015-05-06T01:50:46+08:00 ] 192.168.1.140 /agentshop/getregion/pzcode/230000/alevel/2
INFO: [ app_init ] --START--
INFO: Run Behavior\BuildLiteBehavior [ RunTime:0.000011s ]
INFO: [ app_init ] --END-- [ RunTime:0.000260s ]
INFO: [ app_begin ] --START--
INFO: Run Behavior\ReadHtmlCacheBehavior [ RunTime:0.000271s ]
INFO: [ app_begin ] --END-- [ RunTime:0.000302s ]
SQL: SHOW COLUMNS FROM `region` [ RunTime:0.0016s ]
SQL: SELECT * FROM `region` WHERE `parent_zipcode` = 230000 AND `area_level` = 2  [ RunTime:0.0019s ]

[ 2015-05-06T01:50:47+08:00 ] 192.168.1.140 /agentshop/getregion/pzcode/230100/alevel/3
INFO: [ app_init ] --START--
INFO: Run Behavior\BuildLiteBehavior [ RunTime:0.000010s ]
INFO: [ app_init ] --END-- [ RunTime:0.000191s ]
INFO: [ app_begin ] --START--
INFO: Run Behavior\ReadHtmlCacheBehavior [ RunTime:0.000231s ]
INFO: [ app_begin ] --END-- [ RunTime:0.000255s ]
SQL: SHOW COLUMNS FROM `region` [ RunTime:0.0020s ]
SQL: SELECT * FROM `region` WHERE `parent_zipcode` = 230100 AND `area_level` = 3  [ RunTime:0.0015s ]

[ 2015-05-06T01:54:21+08:00 ] 192.168.1.140 /agentshop
INFO: [ app_init ] --START--
INFO: Run Behavior\BuildLiteBehavior [ RunTime:0.000010s ]
INFO: [ app_init ] --END-- [ RunTime:0.000244s ]
INFO: [ app_begin ] --START--
INFO: Run Behavior\ReadHtmlCacheBehavior [ RunTime:0.000264s ]
INFO: [ app_begin ] --END-- [ RunTime:0.000296s ]
SQL: SHOW COLUMNS FROM `shoptype` [ RunTime:0.0018s ]
SQL: SELECT * FROM `shoptype`  [ RunTime:0.0001s ]
SQL: SHOW COLUMNS FROM `region` [ RunTime:0.0009s ]
SQL: SELECT * FROM `region` WHERE `parent_zipcode` = 0 AND `area_level` = 1  [ RunTime:0.0014s ]
INFO: [ view_parse ] --START--
INFO: [ template_filter ] --START--
INFO: Run Behavior\ContentReplaceBehavior [ RunTime:0.000030s ]
INFO: [ template_filter ] --END-- [ RunTime:0.000069s ]
INFO: Run Behavior\ParseTemplateBehavior [ RunTime:0.004721s ]
INFO: [ view_parse ] --END-- [ RunTime:0.004754s ]
INFO: [ view_filter ] --START--
INFO: Run Behavior\WriteHtmlCacheBehavior [ RunTime:0.000195s ]
INFO: [ view_filter ] --END-- [ RunTime:0.000224s ]
INFO: [ app_end ] --START--
INFO: Run Behavior\ShowPageTraceBehavior [ RunTime:0.000287s ]
INFO: [ app_end ] --END-- [ RunTime:0.000314s ]

[ 2015-05-06T01:54:24+08:00 ] 192.168.1.140 /agentshop/getregion/pzcode/140000/alevel/2
INFO: [ app_init ] --START--
INFO: Run Behavior\BuildLiteBehavior [ RunTime:0.000010s ]
INFO: [ app_init ] --END-- [ RunTime:0.000182s ]
INFO: [ app_begin ] --START--
INFO: Run Behavior\ReadHtmlCacheBehavior [ RunTime:0.000411s ]
INFO: [ app_begin ] --END-- [ RunTime:0.000460s ]
SQL: SHOW COLUMNS FROM `region` [ RunTime:0.0047s ]
SQL: SELECT * FROM `region` WHERE `parent_zipcode` = 140000 AND `area_level` = 2  [ RunTime:0.0023s ]

[ 2015-05-06T01:54:24+08:00 ] 192.168.1.140 /agentshop/getregion/pzcode/140100/alevel/3
INFO: [ app_init ] --START--
INFO: Run Behavior\BuildLiteBehavior [ RunTime:0.000011s ]
INFO: [ app_init ] --END-- [ RunTime:0.000325s ]
INFO: [ app_begin ] --START--
INFO: Run Behavior\ReadHtmlCacheBehavior [ RunTime:0.000297s ]
INFO: [ app_begin ] --END-- [ RunTime:0.000326s ]
SQL: SHOW COLUMNS FROM `region` [ RunTime:0.0012s ]
SQL: SELECT * FROM `region` WHERE `parent_zipcode` = 140100 AND `area_level` = 3  [ RunTime:0.0016s ]

[ 2015-05-06T02:16:14+08:00 ] 192.168.1.140 /agentshop
INFO: [ app_init ] --START--
INFO: Run Behavior\BuildLiteBehavior [ RunTime:0.000012s ]
INFO: [ app_init ] --END-- [ RunTime:0.000509s ]
INFO: [ app_begin ] --START--
INFO: Run Behavior\ReadHtmlCacheBehavior [ RunTime:0.000805s ]
INFO: [ app_begin ] --END-- [ RunTime:0.000881s ]
SQL: SHOW COLUMNS FROM `shoptype` [ RunTime:0.0010s ]
SQL: SELECT * FROM `shoptype`  [ RunTime:0.0001s ]
SQL: SHOW COLUMNS FROM `region` [ RunTime:0.0008s ]
SQL: SELECT * FROM `region` WHERE `parent_zipcode` = 0 AND `area_level` = 1  [ RunTime:0.0017s ]
INFO: [ view_parse ] --START--
INFO: [ template_filter ] --START--
INFO: Run Behavior\ContentReplaceBehavior [ RunTime:0.000028s ]
INFO: [ template_filter ] --END-- [ RunTime:0.000067s ]
INFO: Run Behavior\ParseTemplateBehavior [ RunTime:0.006504s ]
INFO: [ view_parse ] --END-- [ RunTime:0.006558s ]
INFO: [ view_filter ] --START--
INFO: Run Behavior\WriteHtmlCacheBehavior [ RunTime:0.000382s ]
INFO: [ view_filter ] --END-- [ RunTime:0.000428s ]
INFO: [ app_end ] --START--
INFO: Run Behavior\ShowPageTraceBehavior [ RunTime:0.000698s ]
INFO: [ app_end ] --END-- [ RunTime:0.000762s ]

[ 2015-05-06T02:16:20+08:00 ] 192.168.1.140 /agentshop/getregion/pzcode/130000/alevel/2
INFO: [ app_init ] --START--
INFO: Run Behavior\BuildLiteBehavior [ RunTime:0.000009s ]
INFO: [ app_init ] --END-- [ RunTime:0.000180s ]
INFO: [ app_begin ] --START--
INFO: Run Behavior\ReadHtmlCacheBehavior [ RunTime:0.000251s ]
INFO: [ app_begin ] --END-- [ RunTime:0.000281s ]
SQL: SHOW COLUMNS FROM `region` [ RunTime:0.0020s ]
SQL: SELECT * FROM `region` WHERE `parent_zipcode` = 130000 AND `area_level` = 2  [ RunTime:0.0023s ]

[ 2015-05-06T02:16:20+08:00 ] 192.168.1.140 /agentshop/getregion/pzcode/130100/alevel/3
INFO: [ app_init ] --START--
INFO: Run Behavior\BuildLiteBehavior [ RunTime:0.000015s ]
INFO: [ app_init ] --END-- [ RunTime:0.000284s ]
INFO: [ app_begin ] --START--
INFO: Run Behavior\ReadHtmlCacheBehavior [ RunTime:0.000448s ]
INFO: [ app_begin ] --END-- [ RunTime:0.000535s ]
SQL: SHOW COLUMNS FROM `region` [ RunTime:0.0012s ]
SQL: SELECT * FROM `region` WHERE `parent_zipcode` = 130100 AND `area_level` = 3  [ RunTime:0.0020s ]

