[ 2015-05-16T23:21:37+08:00 ] 127.0.0.1 /agentshop/newshop
INFO: [ app_init ] --START--
INFO: Run Behavior\BuildLiteBehavior [ RunTime:0.000023s ]
INFO: [ app_init ] --END-- [ RunTime:0.001731s ]
INFO: [ app_begin ] --START--
INFO: Run Behavior\ReadHtmlCacheBehavior [ RunTime:0.000672s ]
INFO: [ app_begin ] --END-- [ RunTime:0.000736s ]
SQL: SHOW COLUMNS FROM `agent` [ RunTime:0.0177s ]
SQL: SHOW COLUMNS FROM `shoptype` [ RunTime:0.0025s ]
SQL: SELECT * FROM `shoptype`  [ RunTime:0.0052s ]
SQL: SHOW COLUMNS FROM `region` [ RunTime:0.0030s ]
SQL: SELECT * FROM `region` WHERE `parent_zipcode` = 0 AND `area_level` = 1  [ RunTime:0.0051s ]
SQL: SELECT * FROM `agent`  [ RunTime:0.0004s ]
INFO: [ view_parse ] --START--
INFO: [ template_filter ] --START--
INFO: Run Behavior\ContentReplaceBehavior [ RunTime:0.000053s ]
INFO: [ template_filter ] --END-- [ RunTime:0.000099s ]
INFO: Run Behavior\ParseTemplateBehavior [ RunTime:0.009647s ]
INFO: [ view_parse ] --END-- [ RunTime:0.009702s ]
INFO: [ view_filter ] --START--
INFO: Run Behavior\WriteHtmlCacheBehavior [ RunTime:0.000298s ]
INFO: [ view_filter ] --END-- [ RunTime:0.000332s ]
INFO: [ app_end ] --START--
INFO: Run Behavior\ShowPageTraceBehavior [ RunTime:0.001924s ]
INFO: [ app_end ] --END-- [ RunTime:0.001996s ]

[ 2015-05-16T23:22:07+08:00 ] 127.0.0.1 /manage/agentshop/newagent
INFO: [ app_init ] --START--
INFO: Run Behavior\BuildLiteBehavior [ RunTime:0.000011s ]
INFO: [ app_init ] --END-- [ RunTime:0.000274s ]
INFO: [ app_begin ] --START--
INFO: Run Behavior\ReadHtmlCacheBehavior [ RunTime:0.000338s ]
INFO: [ app_begin ] --END-- [ RunTime:0.000382s ]
SQL: SHOW COLUMNS FROM `region` [ RunTime:0.0011s ]
SQL: SELECT * FROM `region` WHERE `parent_zipcode` = 0 AND `area_level` = 1  [ RunTime:0.0016s ]
INFO: [ view_parse ] --START--
INFO: [ template_filter ] --START--
INFO: Run Behavior\ContentReplaceBehavior [ RunTime:0.000039s ]
INFO: [ template_filter ] --END-- [ RunTime:0.000095s ]
INFO: Run Behavior\ParseTemplateBehavior [ RunTime:0.008566s ]
INFO: [ view_parse ] --END-- [ RunTime:0.008618s ]
INFO: [ view_filter ] --START--
INFO: Run Behavior\WriteHtmlCacheBehavior [ RunTime:0.000128s ]
INFO: [ view_filter ] --END-- [ RunTime:0.000149s ]
INFO: [ app_end ] --START--
INFO: Run Behavior\ShowPageTraceBehavior [ RunTime:0.000353s ]
INFO: [ app_end ] --END-- [ RunTime:0.000395s ]

[ 2015-05-16T23:22:11+08:00 ] 127.0.0.1 /manage/agentshop/getregion/pzcode/510000/alevel/2
INFO: [ app_init ] --START--
INFO: Run Behavior\BuildLiteBehavior [ RunTime:0.000015s ]
INFO: [ app_init ] --END-- [ RunTime:0.000294s ]
INFO: [ app_begin ] --START--
INFO: Run Behavior\ReadHtmlCacheBehavior [ RunTime:0.000416s ]
INFO: [ app_begin ] --END-- [ RunTime:0.000491s ]
SQL: SHOW COLUMNS FROM `region` [ RunTime:0.0013s ]
SQL: SELECT * FROM `region` WHERE `parent_zipcode` = 510000 AND `area_level` = 2  [ RunTime:0.0014s ]

[ 2015-05-16T23:22:11+08:00 ] 127.0.0.1 /manage/agentshop/getregion/pzcode/510100/alevel/3
INFO: [ app_init ] --START--
INFO: Run Behavior\BuildLiteBehavior [ RunTime:0.000012s ]
INFO: [ app_init ] --END-- [ RunTime:0.000319s ]
INFO: [ app_begin ] --START--
INFO: Run Behavior\ReadHtmlCacheBehavior [ RunTime:0.000314s ]
INFO: [ app_begin ] --END-- [ RunTime:0.000353s ]
SQL: SHOW COLUMNS FROM `region` [ RunTime:0.0014s ]
SQL: SELECT * FROM `region` WHERE `parent_zipcode` = 510100 AND `area_level` = 3  [ RunTime:0.0017s ]

[ 2015-05-16T23:22:14+08:00 ] 127.0.0.1 /manage/agentshop/signout
INFO: [ app_init ] --START--
INFO: Run Behavior\BuildLiteBehavior [ RunTime:0.000008s ]
INFO: [ app_init ] --END-- [ RunTime:0.000172s ]
INFO: [ app_begin ] --START--
INFO: Run Behavior\ReadHtmlCacheBehavior [ RunTime:0.000232s ]
INFO: [ app_begin ] --END-- [ RunTime:0.000259s ]
INFO: [ view_parse ] --START--
INFO: [ template_filter ] --START--
INFO: Run Behavior\ContentReplaceBehavior [ RunTime:0.000020s ]
INFO: [ template_filter ] --END-- [ RunTime:0.000055s ]
INFO: Run Behavior\ParseTemplateBehavior [ RunTime:0.003079s ]
INFO: [ view_parse ] --END-- [ RunTime:0.003105s ]
INFO: [ view_filter ] --START--
INFO: Run Behavior\WriteHtmlCacheBehavior [ RunTime:0.000083s ]
INFO: [ view_filter ] --END-- [ RunTime:0.000102s ]
INFO: [ app_end ] --START--
INFO: Run Behavior\ShowPageTraceBehavior [ RunTime:0.000239s ]
INFO: [ app_end ] --END-- [ RunTime:0.000262s ]

[ 2015-05-16T23:22:15+08:00 ] 127.0.0.1 /manage/agentshop/signin
INFO: [ app_init ] --START--
INFO: Run Behavior\BuildLiteBehavior [ RunTime:0.000011s ]
INFO: [ app_init ] --END-- [ RunTime:0.000209s ]
INFO: [ app_begin ] --START--
INFO: Run Behavior\ReadHtmlCacheBehavior [ RunTime:0.000232s ]
INFO: [ app_begin ] --END-- [ RunTime:0.000259s ]
INFO: [ view_parse ] --START--
INFO: [ template_filter ] --START--
INFO: Run Behavior\ContentReplaceBehavior [ RunTime:0.000027s ]
INFO: [ template_filter ] --END-- [ RunTime:0.000068s ]
INFO: Run Behavior\ParseTemplateBehavior [ RunTime:0.003853s ]
INFO: [ view_parse ] --END-- [ RunTime:0.003888s ]
INFO: [ view_filter ] --START--
INFO: Run Behavior\WriteHtmlCacheBehavior [ RunTime:0.000125s ]
INFO: [ view_filter ] --END-- [ RunTime:0.000154s ]
INFO: [ app_end ] --START--
INFO: Run Behavior\ShowPageTraceBehavior [ RunTime:0.000254s ]
INFO: [ app_end ] --END-- [ RunTime:0.000279s ]

[ 2015-05-16T23:26:04+08:00 ] 127.0.0.1 /manage/agentshop/signin
INFO: [ app_init ] --START--
INFO: Run Behavior\BuildLiteBehavior [ RunTime:0.000009s ]
INFO: [ app_init ] --END-- [ RunTime:0.000191s ]
INFO: [ app_begin ] --START--
INFO: Run Behavior\ReadHtmlCacheBehavior [ RunTime:0.000246s ]
INFO: [ app_begin ] --END-- [ RunTime:0.000274s ]
SQL: SHOW COLUMNS FROM `domorestaff` [ RunTime:0.0033s ]
SQL: SELECT * FROM `domorestaff` WHERE `login_name` = '321123' AND `passwd` = '123' LIMIT 1   [ RunTime:0.0005s ]

[ 2015-05-16T23:26:04+08:00 ] 127.0.0.1 /manage/agentshop/newshop
INFO: [ app_init ] --START--
INFO: Run Behavior\BuildLiteBehavior [ RunTime:0.000009s ]
INFO: [ app_init ] --END-- [ RunTime:0.000185s ]
INFO: [ app_begin ] --START--
INFO: Run Behavior\ReadHtmlCacheBehavior [ RunTime:0.000426s ]
INFO: [ app_begin ] --END-- [ RunTime:0.000477s ]
SQL: SHOW COLUMNS FROM `agent` [ RunTime:0.0013s ]
SQL: SHOW COLUMNS FROM `shoptype` [ RunTime:0.0007s ]
SQL: SELECT * FROM `shoptype`  [ RunTime:0.0001s ]
SQL: SHOW COLUMNS FROM `region` [ RunTime:0.0013s ]
SQL: SELECT * FROM `region` WHERE `parent_zipcode` = 0 AND `area_level` = 1  [ RunTime:0.0032s ]
SQL: SELECT * FROM `agent`  [ RunTime:0.0004s ]
INFO: [ view_parse ] --START--
INFO: [ template_filter ] --START--
INFO: Run Behavior\ContentReplaceBehavior [ RunTime:0.000086s ]
INFO: [ template_filter ] --END-- [ RunTime:0.000183s ]
INFO: Run Behavior\ParseTemplateBehavior [ RunTime:0.006596s ]
INFO: [ view_parse ] --END-- [ RunTime:0.006641s ]
INFO: [ view_filter ] --START--
INFO: Run Behavior\WriteHtmlCacheBehavior [ RunTime:0.000103s ]
INFO: [ view_filter ] --END-- [ RunTime:0.000124s ]
INFO: [ app_end ] --START--
INFO: Run Behavior\ShowPageTraceBehavior [ RunTime:0.001435s ]
INFO: [ app_end ] --END-- [ RunTime:0.001491s ]

[ 2015-05-16T23:26:08+08:00 ] 127.0.0.1 /manage/agentshop/newagent
INFO: [ app_init ] --START--
INFO: Run Behavior\BuildLiteBehavior [ RunTime:0.000010s ]
INFO: [ app_init ] --END-- [ RunTime:0.000184s ]
INFO: [ app_begin ] --START--
INFO: Run Behavior\ReadHtmlCacheBehavior [ RunTime:0.000321s ]
INFO: [ app_begin ] --END-- [ RunTime:0.000369s ]
SQL: SHOW COLUMNS FROM `region` [ RunTime:0.0029s ]
SQL: SELECT * FROM `region` WHERE `parent_zipcode` = 0 AND `area_level` = 1  [ RunTime:0.0014s ]
INFO: [ view_parse ] --START--
INFO: [ template_filter ] --START--
INFO: Run Behavior\ContentReplaceBehavior [ RunTime:0.000031s ]
INFO: [ template_filter ] --END-- [ RunTime:0.000058s ]
INFO: Run Behavior\ParseTemplateBehavior [ RunTime:0.005328s ]
INFO: [ view_parse ] --END-- [ RunTime:0.005377s ]
INFO: [ view_filter ] --START--
INFO: Run Behavior\WriteHtmlCacheBehavior [ RunTime:0.000104s ]
INFO: [ view_filter ] --END-- [ RunTime:0.000125s ]
INFO: [ app_end ] --START--
INFO: Run Behavior\ShowPageTraceBehavior [ RunTime:0.000298s ]
INFO: [ app_end ] --END-- [ RunTime:0.000328s ]

[ 2015-05-16T23:26:12+08:00 ] 127.0.0.1 /manage/agentshop/getregion/pzcode/510000/alevel/2
INFO: [ app_init ] --START--
INFO: Run Behavior\BuildLiteBehavior [ RunTime:0.000027s ]
INFO: [ app_init ] --END-- [ RunTime:0.000447s ]
INFO: [ app_begin ] --START--
INFO: Run Behavior\ReadHtmlCacheBehavior [ RunTime:0.000808s ]
INFO: [ app_begin ] --END-- [ RunTime:0.000936s ]
SQL: SHOW COLUMNS FROM `region` [ RunTime:0.0011s ]
SQL: SELECT * FROM `region` WHERE `parent_zipcode` = 510000 AND `area_level` = 2  [ RunTime:0.0014s ]

[ 2015-05-16T23:26:12+08:00 ] 127.0.0.1 /manage/agentshop/getregion/pzcode/510100/alevel/3
INFO: [ app_init ] --START--
INFO: Run Behavior\BuildLiteBehavior [ RunTime:0.000009s ]
INFO: [ app_init ] --END-- [ RunTime:0.000183s ]
INFO: [ app_begin ] --START--
INFO: Run Behavior\ReadHtmlCacheBehavior [ RunTime:0.000248s ]
INFO: [ app_begin ] --END-- [ RunTime:0.000276s ]
SQL: SHOW COLUMNS FROM `region` [ RunTime:0.0016s ]
SQL: SELECT * FROM `region` WHERE `parent_zipcode` = 510100 AND `area_level` = 3  [ RunTime:0.0029s ]

[ 2015-05-16T23:26:40+08:00 ] 127.0.0.1 /manage/agentshop/newagent
INFO: [ app_init ] --START--
INFO: Run Behavior\BuildLiteBehavior [ RunTime:0.000008s ]
INFO: [ app_init ] --END-- [ RunTime:0.000181s ]
INFO: [ app_begin ] --START--
INFO: Run Behavior\ReadHtmlCacheBehavior [ RunTime:0.000224s ]
INFO: [ app_begin ] --END-- [ RunTime:0.000248s ]
NOTIC: [2] call_user_func() expects parameter 1 to be a valid callback, no array or string given /Users/jasonwang/work/domore/ThinkPHP/Library/Think/Upload.class.php 第 170 行.

[ 2015-05-16T23:36:31+08:00 ] 127.0.0.1 /manage/agentshop/newagent
INFO: [ app_init ] --START--
INFO: Run Behavior\BuildLiteBehavior [ RunTime:0.000008s ]
INFO: [ app_init ] --END-- [ RunTime:0.000182s ]
INFO: [ app_begin ] --START--
INFO: Run Behavior\ReadHtmlCacheBehavior [ RunTime:0.000276s ]
INFO: [ app_begin ] --END-- [ RunTime:0.000304s ]
SQL: SHOW COLUMNS FROM `region` [ RunTime:0.0019s ]
SQL: SELECT * FROM `region` WHERE `parent_zipcode` = 0 AND `area_level` = 1  [ RunTime:0.0017s ]
INFO: [ view_parse ] --START--
INFO: [ template_filter ] --START--
INFO: Run Behavior\ContentReplaceBehavior [ RunTime:0.000031s ]
INFO: [ template_filter ] --END-- [ RunTime:0.000060s ]
INFO: Run Behavior\ParseTemplateBehavior [ RunTime:0.005289s ]
INFO: [ view_parse ] --END-- [ RunTime:0.005326s ]
INFO: [ view_filter ] --START--
INFO: Run Behavior\WriteHtmlCacheBehavior [ RunTime:0.000104s ]
INFO: [ view_filter ] --END-- [ RunTime:0.000124s ]
INFO: [ app_end ] --START--
INFO: Run Behavior\ShowPageTraceBehavior [ RunTime:0.000312s ]
INFO: [ app_end ] --END-- [ RunTime:0.000341s ]

[ 2015-05-16T23:36:34+08:00 ] 127.0.0.1 /manage/agentshop/getregion/pzcode/510000/alevel/2
INFO: [ app_init ] --START--
INFO: Run Behavior\BuildLiteBehavior [ RunTime:0.000010s ]
INFO: [ app_init ] --END-- [ RunTime:0.000214s ]
INFO: [ app_begin ] --START--
INFO: Run Behavior\ReadHtmlCacheBehavior [ RunTime:0.000239s ]
INFO: [ app_begin ] --END-- [ RunTime:0.000263s ]
SQL: SHOW COLUMNS FROM `region` [ RunTime:0.0017s ]
SQL: SELECT * FROM `region` WHERE `parent_zipcode` = 510000 AND `area_level` = 2  [ RunTime:0.0019s ]

[ 2015-05-16T23:36:34+08:00 ] 127.0.0.1 /manage/agentshop/getregion/pzcode/510100/alevel/3
INFO: [ app_init ] --START--
INFO: Run Behavior\BuildLiteBehavior [ RunTime:0.000049s ]
INFO: [ app_init ] --END-- [ RunTime:0.000833s ]
INFO: [ app_begin ] --START--
INFO: Run Behavior\ReadHtmlCacheBehavior [ RunTime:0.000698s ]
INFO: [ app_begin ] --END-- [ RunTime:0.000787s ]
SQL: SHOW COLUMNS FROM `region` [ RunTime:0.0010s ]
SQL: SELECT * FROM `region` WHERE `parent_zipcode` = 510100 AND `area_level` = 3  [ RunTime:0.0015s ]

[ 2015-05-16T23:36:49+08:00 ] 127.0.0.1 /manage/agentshop/newagent
INFO: [ app_init ] --START--
INFO: Run Behavior\BuildLiteBehavior [ RunTime:0.000011s ]
INFO: [ app_init ] --END-- [ RunTime:0.000243s ]
INFO: [ app_begin ] --START--
INFO: Run Behavior\ReadHtmlCacheBehavior [ RunTime:0.000235s ]
INFO: [ app_begin ] --END-- [ RunTime:0.000260s ]
NOTIC: [2] call_user_func() expects parameter 1 to be a valid callback, no array or string given /Users/jasonwang/work/domore/ThinkPHP/Library/Think/Upload.class.php 第 170 行.

[ 2015-05-16T23:37:28+08:00 ] 127.0.0.1 /manage/agentshop/newagent
INFO: [ app_init ] --START--
INFO: Run Behavior\BuildLiteBehavior [ RunTime:0.000010s ]
INFO: [ app_init ] --END-- [ RunTime:0.000277s ]
INFO: [ app_begin ] --START--
INFO: Run Behavior\ReadHtmlCacheBehavior [ RunTime:0.000232s ]
INFO: [ app_begin ] --END-- [ RunTime:0.000258s ]
SQL: SHOW COLUMNS FROM `agent` [ RunTime:0.0019s ]
SQL: INSERT INTO `agent` (`province_id`,`city_id`,`area_id`,`agent_address`,`agent_name`,`reg_no`,`license_img`,`agent_manager`,`agent_manager_tel`,`moblie_no`,`agent_manager_email`,`creator_id`,`business_status`,`checkstatus_id`,`create_dt`,`passwd`) VALUES ('2289','2290','2291','ceshi','ccee','3213','/Uploads/agents/5557641181ae2.jpg','负责人','8888888','8888888','manager@test.com','1','1','1','2015-05-16 23:37:28','29265') [ RunTime:0.0026s ]
SQL: SHOW COLUMNS FROM `agentaccount` [ RunTime:0.0017s ]
SQL: INSERT INTO `agentaccount` (`agent_id`,`agent_accounting`,`agent_accounting_tel`,`agent_accounting_email`,`company_account_name`,`company_account_no`,`company_account_bank`,`personal_account_name`,`personal_account_no`,`personal_account_bank`,`alipay_account_name`,`alipay_account`,`wxpayment_account_name`,`wxpayment_account`) VALUES ('6','负责人','8888888','manager@test.com','ccee','12321','ccee','','','','','','','') [ RunTime:0.0005s ]

[ 2015-05-16T23:37:30+08:00 ] 127.0.0.1 /manage/agentshop/newshop
INFO: [ app_init ] --START--
INFO: Run Behavior\BuildLiteBehavior [ RunTime:0.000009s ]
INFO: [ app_init ] --END-- [ RunTime:0.000176s ]
INFO: [ app_begin ] --START--
INFO: Run Behavior\ReadHtmlCacheBehavior [ RunTime:0.000227s ]
INFO: [ app_begin ] --END-- [ RunTime:0.000280s ]
SQL: SHOW COLUMNS FROM `agent` [ RunTime:0.0028s ]
SQL: SHOW COLUMNS FROM `shoptype` [ RunTime:0.0016s ]
SQL: SELECT * FROM `shoptype`  [ RunTime:0.0002s ]
SQL: SHOW COLUMNS FROM `region` [ RunTime:0.0013s ]
SQL: SELECT * FROM `region` WHERE `parent_zipcode` = 0 AND `area_level` = 1  [ RunTime:0.0017s ]
SQL: SELECT * FROM `agent`  [ RunTime:0.0003s ]
INFO: [ view_parse ] --START--
INFO: [ template_filter ] --START--
INFO: Run Behavior\ContentReplaceBehavior [ RunTime:0.000040s ]
INFO: [ template_filter ] --END-- [ RunTime:0.000081s ]
INFO: Run Behavior\ParseTemplateBehavior [ RunTime:0.006958s ]
INFO: [ view_parse ] --END-- [ RunTime:0.007013s ]
INFO: [ view_filter ] --START--
INFO: Run Behavior\WriteHtmlCacheBehavior [ RunTime:0.000141s ]
INFO: [ view_filter ] --END-- [ RunTime:0.000170s ]
INFO: [ app_end ] --START--
INFO: Run Behavior\ShowPageTraceBehavior [ RunTime:0.000373s ]
INFO: [ app_end ] --END-- [ RunTime:0.000428s ]

[ 2015-05-16T23:39:42+08:00 ] 127.0.0.1 /manage/agentshop/newagent
INFO: [ app_init ] --START--
INFO: Run Behavior\BuildLiteBehavior [ RunTime:0.000012s ]
INFO: [ app_init ] --END-- [ RunTime:0.000268s ]
INFO: [ app_begin ] --START--
INFO: Run Behavior\ReadHtmlCacheBehavior [ RunTime:0.000265s ]
INFO: [ app_begin ] --END-- [ RunTime:0.000296s ]
SQL: SHOW COLUMNS FROM `region` [ RunTime:0.0013s ]
SQL: SELECT * FROM `region` WHERE `parent_zipcode` = 0 AND `area_level` = 1  [ RunTime:0.0014s ]
INFO: [ view_parse ] --START--
INFO: [ template_filter ] --START--
INFO: Run Behavior\ContentReplaceBehavior [ RunTime:0.000032s ]
INFO: [ template_filter ] --END-- [ RunTime:0.000069s ]
INFO: Run Behavior\ParseTemplateBehavior [ RunTime:0.005916s ]
INFO: [ view_parse ] --END-- [ RunTime:0.005949s ]
INFO: [ view_filter ] --START--
INFO: Run Behavior\WriteHtmlCacheBehavior [ RunTime:0.000101s ]
INFO: [ view_filter ] --END-- [ RunTime:0.000122s ]
INFO: [ app_end ] --START--
INFO: Run Behavior\ShowPageTraceBehavior [ RunTime:0.000315s ]
INFO: [ app_end ] --END-- [ RunTime:0.000341s ]

[ 2015-05-16T23:39:45+08:00 ] 127.0.0.1 /manage/agentshop/getregion/pzcode/510000/alevel/2
INFO: [ app_init ] --START--
INFO: Run Behavior\BuildLiteBehavior [ RunTime:0.000010s ]
INFO: [ app_init ] --END-- [ RunTime:0.000180s ]
INFO: [ app_begin ] --START--
INFO: Run Behavior\ReadHtmlCacheBehavior [ RunTime:0.000280s ]
INFO: [ app_begin ] --END-- [ RunTime:0.000307s ]
SQL: SHOW COLUMNS FROM `region` [ RunTime:0.0022s ]
SQL: SELECT * FROM `region` WHERE `parent_zipcode` = 510000 AND `area_level` = 2  [ RunTime:0.0021s ]

[ 2015-05-16T23:39:45+08:00 ] 127.0.0.1 /manage/agentshop/getregion/pzcode/510100/alevel/3
INFO: [ app_init ] --START--
INFO: Run Behavior\BuildLiteBehavior [ RunTime:0.000027s ]
INFO: [ app_init ] --END-- [ RunTime:0.000431s ]
INFO: [ app_begin ] --START--
INFO: Run Behavior\ReadHtmlCacheBehavior [ RunTime:0.000514s ]
INFO: [ app_begin ] --END-- [ RunTime:0.000629s ]
SQL: SHOW COLUMNS FROM `region` [ RunTime:0.0031s ]
SQL: SELECT * FROM `region` WHERE `parent_zipcode` = 510100 AND `area_level` = 3  [ RunTime:0.0015s ]

[ 2015-05-16T23:40:11+08:00 ] 127.0.0.1 /manage/agentshop/newagent
INFO: [ app_init ] --START--
INFO: Run Behavior\BuildLiteBehavior [ RunTime:0.000008s ]
INFO: [ app_init ] --END-- [ RunTime:0.000183s ]
INFO: [ app_begin ] --START--
INFO: Run Behavior\ReadHtmlCacheBehavior [ RunTime:0.000228s ]
INFO: [ app_begin ] --END-- [ RunTime:0.000252s ]
NOTIC: [2] call_user_func() expects parameter 1 to be a valid callback, no array or string given /Users/jasonwang/work/domore/ThinkPHP/Library/Think/Upload.class.php 第 170 行.

[ 2015-05-16T23:40:40+08:00 ] 127.0.0.1 /manage/agentshop/newagent
INFO: [ app_init ] --START--
INFO: Run Behavior\BuildLiteBehavior [ RunTime:0.000009s ]
INFO: [ app_init ] --END-- [ RunTime:0.000175s ]
INFO: [ app_begin ] --START--
INFO: Run Behavior\ReadHtmlCacheBehavior [ RunTime:0.000221s ]
INFO: [ app_begin ] --END-- [ RunTime:0.000245s ]
SQL: SHOW COLUMNS FROM `agent` [ RunTime:0.0023s ]
SQL: INSERT INTO `agent` (`province_id`,`city_id`,`area_id`,`agent_address`,`agent_name`,`reg_no`,`license_img`,`agent_manager`,`agent_manager_tel`,`moblie_no`,`agent_manager_email`,`creator_id`,`business_status`,`checkstatus_id`,`create_dt`,`passwd`) VALUES ('2289','2290','2291','测试商户带财物对接人','test','test','/Uploads/agents/555764db246a0.jpg','商户负责人','31231','31231','test','1','1','1','2015-05-16 23:40:40','57786') [ RunTime:0.0004s ]
SQL: SHOW COLUMNS FROM `agentaccount` [ RunTime:0.0019s ]
SQL: INSERT INTO `agentaccount` (`agent_id`,`agent_accounting`,`agent_accounting_tel`,`agent_accounting_email`,`company_account_name`,`company_account_no`,`company_account_bank`,`personal_account_name`,`personal_account_no`,`personal_account_bank`,`alipay_account_name`,`alipay_account`,`wxpayment_account_name`,`wxpayment_account`) VALUES ('7','财物对接人','财物对接人','test','123','321','test','','','','','','','') [ RunTime:0.0019s ]

[ 2015-05-16T23:40:42+08:00 ] 127.0.0.1 /manage/agentshop/newshop
INFO: [ app_init ] --START--
INFO: Run Behavior\BuildLiteBehavior [ RunTime:0.000010s ]
INFO: [ app_init ] --END-- [ RunTime:0.000204s ]
INFO: [ app_begin ] --START--
INFO: Run Behavior\ReadHtmlCacheBehavior [ RunTime:0.000262s ]
INFO: [ app_begin ] --END-- [ RunTime:0.000292s ]
SQL: SHOW COLUMNS FROM `agent` [ RunTime:0.0018s ]
SQL: SHOW COLUMNS FROM `shoptype` [ RunTime:0.0013s ]
SQL: SELECT * FROM `shoptype`  [ RunTime:0.0001s ]
SQL: SHOW COLUMNS FROM `region` [ RunTime:0.0016s ]
SQL: SELECT * FROM `region` WHERE `parent_zipcode` = 0 AND `area_level` = 1  [ RunTime:0.0016s ]
SQL: SELECT * FROM `agent`  [ RunTime:0.0006s ]
INFO: [ view_parse ] --START--
INFO: [ template_filter ] --START--
INFO: Run Behavior\ContentReplaceBehavior [ RunTime:0.000042s ]
INFO: [ template_filter ] --END-- [ RunTime:0.000088s ]
INFO: Run Behavior\ParseTemplateBehavior [ RunTime:0.010208s ]
INFO: [ view_parse ] --END-- [ RunTime:0.010264s ]
INFO: [ view_filter ] --START--
INFO: Run Behavior\WriteHtmlCacheBehavior [ RunTime:0.000118s ]
INFO: [ view_filter ] --END-- [ RunTime:0.000148s ]
INFO: [ app_end ] --START--
INFO: Run Behavior\ShowPageTraceBehavior [ RunTime:0.000487s ]
INFO: [ app_end ] --END-- [ RunTime:0.000562s ]

